<?xml version="1.0" encoding="UTF-8"?>
<!-- Generated by org.testng.reporters.JUnitXMLReporter -->
<testsuite hostname="PRADIP-PC" ignored="0" name="Test" tests="6" failures="3" timestamp="28 Aug 2019 02:35:21 GMT" time="72.593" errors="0">
  <testcase name="loginDDT" time="14.969" classname="com.interBanking.testCases.TC_LoginDDT_002"/>
  <testcase name="loginDDT" time="4.481" classname="com.interBanking.testCases.TC_LoginDDT_002">
    <failure type="java.lang.AssertionError" message="expected [true] but found [false]">
      <![CDATA[java.lang.AssertionError: expected [true] but found [false]
at com.interBanking.testCases.TC_LoginDDT_002.loginDDT(TC_LoginDDT_002.java:29)
... Removed 29 stack frames]]>
    </failure>
  </testcase> <!-- loginDDT -->
  <testcase name="loginDDT" time="8.925" classname="com.interBanking.testCases.TC_LoginDDT_002"/>
  <testcase name="loginDDT" time="1.69" classname="com.interBanking.testCases.TC_LoginDDT_002">
    <failure type="java.lang.AssertionError" message="expected [true] but found [false]">
      <![CDATA[java.lang.AssertionError: expected [true] but found [false]
at com.interBanking.testCases.TC_LoginDDT_002.loginDDT(TC_LoginDDT_002.java:29)
... Removed 29 stack frames]]>
    </failure>
  </testcase> <!-- loginDDT -->
  <testcase name="loginDDT" time="4.314" classname="com.interBanking.testCases.TC_LoginDDT_002">
    <failure type="java.lang.AssertionError" message="expected [true] but found [false]">
      <![CDATA[java.lang.AssertionError: expected [true] but found [false]
at com.interBanking.testCases.TC_LoginDDT_002.loginDDT(TC_LoginDDT_002.java:29)
... Removed 29 stack frames]]>
    </failure>
  </testcase> <!-- loginDDT -->
  <testcase name="loginDDT" time="7.734" classname="com.interBanking.testCases.TC_LoginDDT_002"/>
</testsuite> <!-- Test -->
