<?xml version="1.0" encoding="UTF-8"?>
<testng-results skipped="0" failed="0" ignored="0" total="1" passed="1">
  <reporter-output>
  </reporter-output>
  <suite name="InetBanking" duration-ms="106622" started-at="2020-05-09T09:16:48Z" finished-at="2020-05-09T09:18:35Z">
    <groups>
    </groups>
    <test name="Test" duration-ms="106622" started-at="2020-05-09T09:16:48Z" finished-at="2020-05-09T09:18:35Z">
      <class name="com.interBanking.testCases.TC_LoginTest_001">
        <test-method status="PASS" signature="setup(java.lang.String)[pri:0, instance:com.interBanking.testCases.TC_LoginTest_001@36d64342]" name="setup" is-config="true" duration-ms="70197" started-at="2020-05-09T09:16:50Z" finished-at="2020-05-09T09:18:00Z">
          <params>
            <param index="0">
              <value>
                <![CDATA[firefox]]>
              </value>
            </param>
          </params>
          <reporter-output>
          </reporter-output>
        </test-method> <!-- setup -->
        <test-method status="PASS" signature="loginTest()[pri:0, instance:com.interBanking.testCases.TC_LoginTest_001@36d64342]" name="loginTest" duration-ms="22337" started-at="2020-05-09T09:18:00Z" finished-at="2020-05-09T09:18:23Z">
          <reporter-output>
          </reporter-output>
        </test-method> <!-- loginTest -->
        <test-method status="PASS" signature="teardown()[pri:0, instance:com.interBanking.testCases.TC_LoginTest_001@36d64342]" name="teardown" is-config="true" duration-ms="11968" started-at="2020-05-09T09:18:23Z" finished-at="2020-05-09T09:18:35Z">
          <reporter-output>
          </reporter-output>
        </test-method> <!-- teardown -->
      </class> <!-- com.interBanking.testCases.TC_LoginTest_001 -->
    </test> <!-- Test -->
  </suite> <!-- InetBanking -->
</testng-results>
